This is pdfTeX, Version 3.141592653-2.6-1.40.23 (MiKTeX 21.8) (preloaded format=pdflatex 2021.9.24)  28 AUG 2022 21:33
entering extended mode
**\input TAS-template.tex
 (TAS-template.tex
(C:\Users\Chris\AppData\Local\Programs\MiKTeX\tex/latex/base\article.cls
Document Class: article 2021/02/12 v1.4n Standard LaTeX document class
(C:\Users\Chris\AppData\Local\Programs\MiKTeX\tex/latex/base\size12.clo
File: size12.clo 2021/02/12 v1.4n Standard LaTeX file (size option)
)
\c@part=\count182
\c@section=\count183
\c@subsection=\count184
\c@subsubsection=\count185
\c@paragraph=\count186
\c@subparagraph=\count187
\c@figure=\count188
\c@table=\count189
\abovecaptionskip=\skip47
\belowcaptionskip=\skip48
\bibindent=\dimen138
)
(C:\Users\Chris\AppData\Local\Programs\MiKTeX\tex/latex/tools\bm.sty
Package: bm 2021/04/25 v1.2e Bold Symbol Support (DPC/FMi)
\symboldoperators=\mathgroup4
\symboldletters=\mathgroup5
\symboldsymbols=\mathgroup6
Package bm Info: No bold for \OMX/cmex/m/n, using \pmb.
LaTeX Font Info:    Redeclaring math alphabet \mathbf on input line 149.
)
(C:\Users\Chris\AppData\Local\Programs\MiKTeX\tex/latex/float\float.sty
Package: float 2001/11/08 v1.3d Float enhancements (AL)
\c@float@type=\count190
\float@exts=\toks16
\float@box=\box50
\@float@everytoks=\toks17
\@floatcapt=\box51
)
(C:\Users\Chris\AppData\Local\Programs\MiKTeX\tex/latex/multirow\multirow.sty
Package: multirow 2021/03/15 v2.8 Span multiple rows of a table
\multirow@colwidth=\skip49
\multirow@cntb=\count191
\multirow@dima=\skip50
\bigstrutjot=\dimen139
)
(C:\Users\Chris\AppData\Local\Programs\MiKTeX\tex/latex/caption\caption.sty
Package: caption 2020/10/26 v3.5g Customizing captions (AR)

(C:\Users\Chris\AppData\Local\Programs\MiKTeX\tex/latex/caption\caption3.sty
Package: caption3 2020/10/21 v2.2e caption3 kernel (AR)

(C:\Users\Chris\AppData\Local\Programs\MiKTeX\tex/latex/graphics\keyval.sty
Package: keyval 2014/10/28 v1.15 key=value parser (DPC)
\KV@toks@=\toks18
)
\captionmargin=\dimen140
\captionmargin@=\dimen141
\captionwidth=\dimen142
\caption@tempdima=\dimen143
\caption@indent=\dimen144
\caption@parindent=\dimen145
\caption@hangindent=\dimen146
Package caption Info: Standard document class detected.
)
\c@caption@flags=\count192
\c@continuedfloat=\count193
Package caption Info: float package is loaded.
)
(C:\Users\Chris\AppData\Local\Programs\MiKTeX\tex/latex/graphics\color.sty
Package: color 2020/02/24 v1.2b Standard LaTeX Color (DPC)

(C:\Users\Chris\AppData\Local\Programs\MiKTeX\tex/latex/graphics-cfg\color.cfg
File: color.cfg 2016/01/02 v1.6 sample color configuration
)
Package color Info: Driver file: pdftex.def on input line 149.

(C:\Users\Chris\AppData\Local\Programs\MiKTeX\tex/latex/graphics-def\pdftex.def
File: pdftex.def 2020/10/05 v1.2a Graphics/color driver for pdftex
)) (C:\Users\Chris\AppData\Local\Programs\MiKTeX\tex/latex/amsmath\amsmath.sty
Package: amsmath 2021/04/20 v2.17j AMS math features
\@mathmargin=\skip51

For additional information on amsmath, use the `?' option.
(C:\Users\Chris\AppData\Local\Programs\MiKTeX\tex/latex/amsmath\amstext.sty
Package: amstext 2000/06/29 v2.01 AMS text

(C:\Users\Chris\AppData\Local\Programs\MiKTeX\tex/latex/amsmath\amsgen.sty
File: amsgen.sty 1999/11/30 v2.0 generic functions
\@emptytoks=\toks19
\ex@=\dimen147
))
(C:\Users\Chris\AppData\Local\Programs\MiKTeX\tex/latex/amsmath\amsbsy.sty
Package: amsbsy 1999/11/29 v1.2d Bold Symbols
LaTeX Info: Redefining \boldsymbol on input line 28.
\pmbraise@=\dimen148
)
(C:\Users\Chris\AppData\Local\Programs\MiKTeX\tex/latex/amsmath\amsopn.sty
Package: amsopn 2016/03/08 v2.02 operator names
)
\inf@bad=\count194
LaTeX Info: Redefining \frac on input line 234.
\uproot@=\count195
\leftroot@=\count196
LaTeX Info: Redefining \overline on input line 399.
\classnum@=\count197
\DOTSCASE@=\count198
LaTeX Info: Redefining \ldots on input line 496.
LaTeX Info: Redefining \dots on input line 499.
LaTeX Info: Redefining \cdots on input line 620.
\Mathstrutbox@=\box52
\strutbox@=\box53
\big@size=\dimen149
LaTeX Font Info:    Redeclaring font encoding OML on input line 743.
LaTeX Font Info:    Redeclaring font encoding OMS on input line 744.
\macc@depth=\count199
\c@MaxMatrixCols=\count266
\dotsspace@=\muskip16
\c@parentequation=\count267
\dspbrk@lvl=\count268
\tag@help=\toks20
\row@=\count269
\column@=\count270
\maxfields@=\count271
\andhelp@=\toks21
\eqnshift@=\dimen150
\alignsep@=\dimen151
\tagshift@=\dimen152
\tagwidth@=\dimen153
\totwidth@=\dimen154
\lineht@=\dimen155
\@envbody=\toks22
\multlinegap=\skip52
\multlinetaggap=\skip53
\mathdisplay@stack=\toks23
LaTeX Info: Redefining \[ on input line 2923.
LaTeX Info: Redefining \] on input line 2924.
)
(C:\Users\Chris\AppData\Local\Programs\MiKTeX\tex/latex/amsfonts\amssymb.sty
Package: amssymb 2013/01/14 v3.01 AMS font symbols

(C:\Users\Chris\AppData\Local\Programs\MiKTeX\tex/latex/amsfonts\amsfonts.sty
Package: amsfonts 2013/01/14 v3.01 Basic AMSFonts support
\symAMSa=\mathgroup7
\symAMSb=\mathgroup8
LaTeX Font Info:    Redeclaring math symbol \hbar on input line 98.
LaTeX Font Info:    Overwriting math alphabet `\mathfrak' in version `bold'
(Font)                  U/euf/m/n --> U/euf/b/n on input line 106.
)) (C:\Users\Chris\AppData\Local\Programs\MiKTeX\tex/latex/amscls\amsthm.sty
Package: amsthm 2020/05/29 v2.20.6
\thm@style=\toks24
\thm@bodyfont=\toks25
\thm@headfont=\toks26
\thm@notefont=\toks27
\thm@headpunct=\toks28
\thm@preskip=\skip54
\thm@postskip=\skip55
\thm@headsep=\skip56
\dth@everypar=\toks29
)
(C:\Users\Chris\AppData\Local\Programs\MiKTeX\tex/latex/doublestroke\dsfont.sty
Package: dsfont 1995/08/01 v0.1 Double stroke roman fonts
) (C:\Users\Chris\AppData\Local\Programs\MiKTeX\tex/latex/graphics\graphicx.sty
Package: graphicx 2020/12/05 v1.2c Enhanced LaTeX Graphics (DPC,SPQR)
(C:\Users\Chris\AppData\Local\Programs\MiKTeX\tex/latex/graphics\graphics.sty
Package: graphics 2021/03/04 v1.4d Standard LaTeX Graphics (DPC,SPQR)

(C:\Users\Chris\AppData\Local\Programs\MiKTeX\tex/latex/graphics\trig.sty
Package: trig 2016/01/03 v1.10 sin cos tan (DPC)
)
(C:\Users\Chris\AppData\Local\Programs\MiKTeX\tex/latex/graphics-cfg\graphics.c
fg
File: graphics.cfg 2016/06/04 v1.11 sample graphics configuration
)
Package graphics Info: Driver file: pdftex.def on input line 107.
)
\Gin@req@height=\dimen156
\Gin@req@width=\dimen157
)
(C:\Users\Chris\AppData\Local\Programs\MiKTeX\tex/latex/tools\enumerate.sty
Package: enumerate 2015/07/23 v3.00 enumerate extensions (DPC)
\@enLab=\toks30
)
(C:\Users\Chris\AppData\Local\Programs\MiKTeX\tex/latex/natbib\natbib.sty
Package: natbib 2010/09/13 8.31b (PWD, AO)
\bibhang=\skip57
\bibsep=\skip58
LaTeX Info: Redefining \cite on input line 694.
\c@NAT@ctr=\count272
)
(C:\Users\Chris\AppData\Local\Programs\MiKTeX\tex/latex/url\url.sty
\Urlmuskip=\muskip17
Package: url 2013/09/16  ver 3.4  Verb mode for urls, etc.
)
(C:\Users\Chris\AppData\Local\Programs\MiKTeX\tex/latex/l3backend\l3backend-pdf
tex.def
File: l3backend-pdftex.def 2021-08-04 L3 backend support: PDF output (pdfTeX)
\l__color_backend_stack_int=\count273
\l__pdf_internal_box=\box54
) (TAS-template.aux)
\openout1 = `TAS-template.aux'.

LaTeX Font Info:    Checking defaults for OML/cmm/m/it on input line 79.
LaTeX Font Info:    ... okay on input line 79.
LaTeX Font Info:    Checking defaults for OMS/cmsy/m/n on input line 79.
LaTeX Font Info:    ... okay on input line 79.
LaTeX Font Info:    Checking defaults for OT1/cmr/m/n on input line 79.
LaTeX Font Info:    ... okay on input line 79.
LaTeX Font Info:    Checking defaults for T1/cmr/m/n on input line 79.
LaTeX Font Info:    ... okay on input line 79.
LaTeX Font Info:    Checking defaults for TS1/cmr/m/n on input line 79.
LaTeX Font Info:    ... okay on input line 79.
LaTeX Font Info:    Checking defaults for OMX/cmex/m/n on input line 79.
LaTeX Font Info:    ... okay on input line 79.
LaTeX Font Info:    Checking defaults for U/cmr/m/n on input line 79.
LaTeX Font Info:    ... okay on input line 79.
Package caption Info: Begin \AtBeginDocument code.
Package caption Info: End \AtBeginDocument code.

(C:\Users\Chris\AppData\Local\Programs\MiKTeX\tex/context/base/mkii\supp-pdf.mk
ii
[Loading MPS to PDF converter (version 2006.09.02).]
\scratchcounter=\count274
\scratchdimen=\dimen158
\scratchbox=\box55
\nofMPsegments=\count275
\nofMParguments=\count276
\everyMPshowfont=\toks31
\MPscratchCnt=\count277
\MPscratchDim=\dimen159
\MPnumerator=\count278
\makeMPintoPDFobject=\count279
\everyMPtoPDFconversion=\toks32
)
(C:\Users\Chris\AppData\Local\Programs\MiKTeX\tex/latex/epstopdf-pkg\epstopdf-b
ase.sty
Package: epstopdf-base 2020-01-24 v2.11 Base part for package epstopdf
Package epstopdf-base Info: Redefining graphics rule for `.eps' on input line 4
85.

(C:\Users\Chris\AppData\Local\Programs\MiKTeX\tex/latex/00miktex\epstopdf-sys.c
fg
File: epstopdf-sys.cfg 2021/03/18 v2.0 Configuration of epstopdf for MiKTeX
))
LaTeX Font Info:    Trying to load font information for U+msa on input line 94.

 (C:\Users\Chris\AppData\Local\Programs\MiKTeX\tex/latex/amsfonts\umsa.fd
File: umsa.fd 2013/01/14 v3.01 AMS symbols A
)
LaTeX Font Info:    Trying to load font information for U+msb on input line 94.


(C:\Users\Chris\AppData\Local\Programs\MiKTeX\tex/latex/amsfonts\umsb.fd
File: umsb.fd 2013/01/14 v3.01 AMS symbols B
)
[1

{C:/Users/Chris/AppData/Local/MiKTeX/pdftex/config/pdftex.map}]
<../img/modelDiagram.pdf, id=10, 433.62pt x 72.27pt>
File: ../img/modelDiagram.pdf Graphic file (type pdf)
<use ../img/modelDiagram.pdf>
Package pdftex.def Info: ../img/modelDiagram.pdf  used on input line 123.
(pdftex.def)             Requested size: 433.61894pt x 72.2698pt.
 [2 <../img/modelDiagram.pdf>] [3] [4] [5] [6] [7] [8]

Package amsmath Warning: Foreign command \atopwithdelims;
(amsmath)                \frac or \genfrac should be used instead
(amsmath)                 on input line 221.

[9] [10] [11] [12]
Overfull \hbox (61.60202pt too wide) in alignment at lines 323--327
 [][][] []
 []

[13]
Overfull \hbox (84.68506pt too wide) in alignment at lines 357--365
 [][][] []
 []

[14]

LaTeX Warning: `!h' float specifier changed to `!ht'.

[15] [16] [17] [18]
<../img/chevSimTheory.png, id=85, 481.8pt x 481.8pt>
File: ../img/chevSimTheory.png Graphic file (type png)
<use ../img/chevSimTheory.png>
Package pdftex.def Info: ../img/chevSimTheory.png  used on input line 499.
(pdftex.def)             Requested size: 192.71658pt x 192.71658pt.
<../img/chevSim.png, id=86, 481.8pt x 481.8pt>
File: ../img/chevSim.png Graphic file (type png)
<use ../img/chevSim.png>
Package pdftex.def Info: ../img/chevSim.png  used on input line 500.
(pdftex.def)             Requested size: 192.71658pt x 192.71658pt.


LaTeX Warning: `!h' float specifier changed to `!ht'.

<../img/LBSimTheory.png, id=87, 481.8pt x 481.8pt>
File: ../img/LBSimTheory.png Graphic file (type png)
<use ../img/LBSimTheory.png>
Package pdftex.def Info: ../img/LBSimTheory.png  used on input line 514.
(pdftex.def)             Requested size: 192.71658pt x 192.71658pt.
<../img/LBSim.png, id=88, 481.8pt x 481.8pt>
File: ../img/LBSim.png Graphic file (type png)
<use ../img/LBSim.png>
Package pdftex.def Info: ../img/LBSim.png  used on input line 515.
(pdftex.def)             Requested size: 192.71658pt x 192.71658pt.

LaTeX Warning: `!h' float specifier changed to `!ht'.

[19] [20 <../img/chevSimTheory.png> <../img/chevSim.png> <../img/LBSimTheory.pn
g (PNG copy)> <../img/LBSim.png (PNG copy)>] [21]
<../img/jaxbsb.png, id=103, 542.025pt x 542.025pt>
File: ../img/jaxbsb.png Graphic file (type png)
<use ../img/jaxbsb.png>
Package pdftex.def Info: ../img/jaxbsb.png  used on input line 553.
(pdftex.def)             Requested size: 140.92317pt x 140.92317pt.
<../img/jaxbsb_sim.png, id=104, 542.025pt x 542.025pt>
File: ../img/jaxbsb_sim.png Graphic file (type png)
<use ../img/jaxbsb_sim.png>
Package pdftex.def Info: ../img/jaxbsb_sim.png  used on input line 553.
(pdftex.def)             Requested size: 140.92317pt x 140.92317pt.
<../img/jaxbsb_quant.png, id=105, 542.025pt x 542.025pt>
File: ../img/jaxbsb_quant.png Graphic file (type png)
<use ../img/jaxbsb_quant.png>
Package pdftex.def Info: ../img/jaxbsb_quant.png  used on input line 553.
(pdftex.def)             Requested size: 140.92317pt x 140.92317pt.


LaTeX Warning: `!h' float specifier changed to `!ht'.

<../img/uclabsb.png, id=106, 542.025pt x 542.025pt>
File: ../img/uclabsb.png Graphic file (type png)
<use ../img/uclabsb.png>
Package pdftex.def Info: ../img/uclabsb.png  used on input line 564.
(pdftex.def)             Requested size: 140.92317pt x 140.92317pt.
<../img/uclabsb_sim.png, id=107, 542.025pt x 542.025pt>
File: ../img/uclabsb_sim.png Graphic file (type png)
<use ../img/uclabsb_sim.png>
Package pdftex.def Info: ../img/uclabsb_sim.png  used on input line 564.
(pdftex.def)             Requested size: 140.92317pt x 140.92317pt.
<../img/uclabsb_quant.png, id=108, 542.025pt x 542.025pt>
File: ../img/uclabsb_quant.png Graphic file (type png)
<use ../img/uclabsb_quant.png>
Package pdftex.def Info: ../img/uclabsb_quant.png  used on input line 564.
(pdftex.def)             Requested size: 140.92317pt x 140.92317pt.

LaTeX Warning: `!h' float specifier changed to `!ht'.

[22] [23 <../img/jaxbsb.png (PNG copy)> <../img/jaxbsb_sim.png (PNG copy)> <../
img/jaxbsb_quant.png (PNG copy)> <../img/uclabsb.png (PNG copy)> <../img/uclabs
b_sim.png (PNG copy)> <../img/uclabsb_quant.png (PNG copy)>]
<../img/jaxbsb_common.png, id=115, 542.025pt x 542.025pt>
File: ../img/jaxbsb_common.png Graphic file (type png)
<use ../img/jaxbsb_common.png>
Package pdftex.def Info: ../img/jaxbsb_common.png  used on input line 583.
(pdftex.def)             Requested size: 189.71158pt x 189.71158pt.
<../img/uclabsb_common.png, id=116, 542.025pt x 542.025pt>
File: ../img/uclabsb_common.png Graphic file (type png)
<use ../img/uclabsb_common.png>
Package pdftex.def Info: ../img/uclabsb_common.png  used on input line 584.
(pdftex.def)             Requested size: 189.71158pt x 189.71158pt.


LaTeX Warning: `!h' float specifier changed to `!ht'.

[24]
<../img/bsbCorr2by2.png, id=120, 180.675pt x 180.675pt>
File: ../img/bsbCorr2by2.png Graphic file (type png)
<use ../img/bsbCorr2by2.png>
Package pdftex.def Info: ../img/bsbCorr2by2.png  used on input line 602.
(pdftex.def)             Requested size: 90.33727pt x 90.33727pt.
<../img/bsbCorrTest2by2.png, id=121, 180.675pt x 180.675pt>
File: ../img/bsbCorrTest2by2.png Graphic file (type png)
<use ../img/bsbCorrTest2by2.png>
Package pdftex.def Info: ../img/bsbCorrTest2by2.png  used on input line 602.
(pdftex.def)             Requested size: 90.33727pt x 90.33727pt.
<../img/bsbCorrTest2by2a.png, id=122, 180.675pt x 180.675pt>
File: ../img/bsbCorrTest2by2a.png Graphic file (type png)
<use ../img/bsbCorrTest2by2a.png>
Package pdftex.def Info: ../img/bsbCorrTest2by2a.png  used on input line 602.
(pdftex.def)             Requested size: 90.33727pt x 90.33727pt.

Overfull \hbox (45.14774pt too wide) in paragraph at lines 599--605
 [] 
 []


LaTeX Warning: `h' float specifier changed to `ht'.

[25 <../img/jaxbsb_common.png (PNG copy)> <../img/uclabsb_common.png (PNG copy)
>] [26 <../img/bsbCorr2by2.png (PNG copy)> <../img/bsbCorrTest2by2.png (PNG cop
y)> <../img/bsbCorrTest2by2a.png (PNG copy)>]
<../img/bsbCorrDist.png, id=130, 578.16pt x 578.16pt>
File: ../img/bsbCorrDist.png Graphic file (type png)
<use ../img/bsbCorrDist.png>
Package pdftex.def Info: ../img/bsbCorrDist.png  used on input line 623.
(pdftex.def)             Requested size: 289.07928pt x 289.07928pt.
 [27 <../img/bsbCorrDist.png (PNG copy)>]
<../img/bsbCorrTest.png, id=134, 578.16pt x 578.16pt>
File: ../img/bsbCorrTest.png Graphic file (type png)
<use ../img/bsbCorrTest.png>
Package pdftex.def Info: ../img/bsbCorrTest.png  used on input line 633.
(pdftex.def)             Requested size: 289.07928pt x 289.07928pt.
 [28 <../img/bsbCorrTest.png (PNG copy)>]
<../img/bsbCorrTestBig.png, id=138, 578.16pt x 578.16pt>
File: ../img/bsbCorrTestBig.png Graphic file (type png)
<use ../img/bsbCorrTestBig.png>
Package pdftex.def Info: ../img/bsbCorrTestBig.png  used on input line 647.
(pdftex.def)             Requested size: 289.07928pt x 289.07928pt.
 [29] [30 <../img/bsbCorrTestBig.png (PNG copy)>]

Package natbib Warning: Citation `goodmankruskal1979measures' on page 31 undefi
ned on input line 667.

[31]

LaTeX Warning: Reference `subsec:corrCountCO' on page 32 undefined on input lin
e 669.

(TAS-template.bbl [32] [33] [34])

Package natbib Warning: There were undefined citations.

[35] (TAS-template.aux)

LaTeX Warning: There were undefined references.


LaTeX Warning: Label(s) may have changed. Rerun to get cross-references right.

 ) 
Here is how much of TeX's memory you used:
 4781 strings out of 478927
 74772 string characters out of 2852535
 367525 words of memory out of 3000000
 22557 multiletter control sequences out of 15000+600000
 421913 words of font info for 94 fonts, out of 8000000 for 9000
 1141 hyphenation exceptions out of 8191
 57i,13n,66p,1388b,375s stack positions out of 5000i,500n,10000p,200000b,80000s
<C:/Users/Chris/AppData/Local/Programs/MiKTeX/fonts/type1/public/amsfonts/cm/
cmbx10.pfb><C:/Users/Chris/AppData/Local/Programs/MiKTeX/fonts/type1/public/ams
fonts/cm/cmbx12.pfb><C:/Users/Chris/AppData/Local/Programs/MiKTeX/fonts/type1/p
ublic/amsfonts/cm/cmbx8.pfb><C:/Users/Chris/AppData/Local/Programs/MiKTeX/fonts
/type1/public/amsfonts/cm/cmex10.pfb><C:/Users/Chris/AppData/Local/Programs/MiK
TeX/fonts/type1/public/amsfonts/cm/cmmi10.pfb><C:/Users/Chris/AppData/Local/Pro
grams/MiKTeX/fonts/type1/public/amsfonts/cm/cmmi12.pfb><C:/Users/Chris/AppData/
Local/Programs/MiKTeX/fonts/type1/public/amsfonts/cm/cmmi6.pfb><C:/Users/Chris/
AppData/Local/Programs/MiKTeX/fonts/type1/public/amsfonts/cm/cmmi7.pfb><C:/User
s/Chris/AppData/Local/Programs/MiKTeX/fonts/type1/public/amsfonts/cm/cmmi8.pfb>
<C:/Users/Chris/AppData/Local/Programs/MiKTeX/fonts/type1/public/amsfonts/cm/cm
mib10.pfb><C:/Users/Chris/AppData/Local/Programs/MiKTeX/fonts/type1/public/amsf
onts/cm/cmr10.pfb><C:/Users/Chris/AppData/Local/Programs/MiKTeX/fonts/type1/pub
lic/amsfonts/cm/cmr12.pfb><C:/Users/Chris/AppData/Local/Programs/MiKTeX/fonts/t
ype1/public/amsfonts/cm/cmr6.pfb><C:/Users/Chris/AppData/Local/Programs/MiKTeX/
fonts/type1/public/amsfonts/cm/cmr7.pfb><C:/Users/Chris/AppData/Local/Programs/
MiKTeX/fonts/type1/public/amsfonts/cm/cmr8.pfb><C:/Users/Chris/AppData/Local/Pr
ograms/MiKTeX/fonts/type1/public/amsfonts/cm/cmss12.pfb><C:/Users/Chris/AppData
/Local/Programs/MiKTeX/fonts/type1/public/amsfonts/cm/cmss8.pfb><C:/Users/Chris
/AppData/Local/Programs/MiKTeX/fonts/type1/public/amsfonts/cm/cmsy10.pfb><C:/Us
ers/Chris/AppData/Local/Programs/MiKTeX/fonts/type1/public/amsfonts/cm/cmsy8.pf
b><C:/Users/Chris/AppData/Local/Programs/MiKTeX/fonts/type1/public/amsfonts/cm/
cmti12.pfb><C:/Users/Chris/AppData/Local/Programs/MiKTeX/fonts/type1/public/ams
fonts/cm/cmtt12.pfb><C:/Users/Chris/AppData/Local/Programs/MiKTeX/fonts/type1/p
ublic/amsfonts/symbols/msbm10.pfb>
Output written on TAS-template.pdf (35 pages, 1386965 bytes).
PDF statistics:
 251 PDF objects out of 1000 (max. 8388607)
 0 named destinations out of 1000 (max. 500000)
 96 words of extra memory for PDF output out of 10000 (max. 10000000)

