This is pdfTeX, Version 3.141592653-2.6-1.40.23 (MiKTeX 21.8) (preloaded format=pdflatex 2021.9.24)  21 APR 2022 11:28
entering extended mode
**\input genetic-model.tex
 (genetic-model.tex (imsart.cls
Document Class: imsart 2021/11/07 driver class for package imsart.sty
(C:\Users\Chris\AppData\Local\Programs\MiKTeX\tex/latex/base\article.cls
Document Class: article 2021/02/12 v1.4n Standard LaTeX document class
(C:\Users\Chris\AppData\Local\Programs\MiKTeX\tex/latex/base\leqno.clo
File: leqno.clo 2016/12/29 v1.2b Standard LaTeX option (left equation numbers)
)
(C:\Users\Chris\AppData\Local\Programs\MiKTeX\tex/latex/base\size11.clo
File: size11.clo 2021/02/12 v1.4n Standard LaTeX file (size option)
)
\c@part=\count182
\c@section=\count183
\c@subsection=\count184
\c@subsubsection=\count185
\c@paragraph=\count186
\c@subparagraph=\count187
\c@figure=\count188
\c@table=\count189
\abovecaptionskip=\skip47
\belowcaptionskip=\skip48
\bibindent=\dimen138
)
(imsart.sty
File: imsart.sty 2022/04/06 IMS article style

(C:\Users\Chris\AppData\Local\Programs\MiKTeX\tex/latex/etoolbox\etoolbox.sty
Package: etoolbox 2020/10/05 v2.5k e-TeX tools for LaTeX (JAW)
\etb@tempcnta=\count190
)
No file imsart.cnf.
(C:\Users\Chris\AppData\Local\Programs\MiKTeX\tex/latex/base\leqno.clo
File: leqno.clo 2016/12/29 v1.2b Standard LaTeX option (left equation numbers)
)
\c@firstpage=\count191
\c@lastpage=\count192
\c@thanks=\count193
\c@addressref=\count194

(C:\Users\Chris\AppData\Local\Programs\MiKTeX\tex/latex/graphics\keyval.sty
Package: keyval 2014/10/28 v1.15 key=value parser (DPC)
\KV@toks@=\toks16
)
\c@emailref=\count195

(C:\Users\Chris\AppData\Local\Programs\MiKTeX\tex/generic/iftex\ifpdf.sty
Package: ifpdf 2019/10/25 v3.4 ifpdf legacy package. Use iftex instead.

(C:\Users\Chris\AppData\Local\Programs\MiKTeX\tex/generic/iftex\iftex.sty
Package: iftex 2020/03/06 v1.0d TeX engine tests
))
\tablewidth=\dimen139
\c@tabnote=\count196
\tabnotestoks=\toks17
\c@author=\count197
\c@address=\count198
\sv@mathsurround=\dimen140
\sv@parindent=\dimen141
\fm@box=\box50
\fm@size=\dimen142
\t@xtheight=\dimen143
\abstract@box=\box51
\keyword@box=\box52
\pre@kwd@depth=\dimen144

(C:\Users\Chris\AppData\Local\Programs\MiKTeX\tex/latex/base\fontenc.sty
Package: fontenc 2021/04/29 v2.0v Standard LaTeX package
)
(C:\Users\Chris\AppData\Local\Programs\MiKTeX\tex/latex/psnfss\times.sty
Package: times 2020/03/25 PSNFSS-v9.3 (SPQR) 
)
(C:\Users\Chris\AppData\Local\Programs\MiKTeX\tex/latex/psnfss\helvet.sty
Package: helvet 2020/03/25 PSNFSS-v9.3 (WaS) 
)
(C:\Users\Chris\AppData\Local\Programs\MiKTeX\tex/latex/base\textcomp.sty
Package: textcomp 2020/02/02 v2.0n Standard LaTeX package
)
(C:\Users\Chris\AppData\Local\Programs\MiKTeX\tex/latex/textcase\textcase.sty
Package: textcase 2019/09/14 v1.00 Text only upper/lower case changing (DPC)
)
\address@toks=\toks18
\mathindent=\skip49
\c@longlist=\count199
\authors@list=\toks19
\keywords@list=\toks20

No file imsart-sts.cnf.
No file imsart-vtex.cnf.
)) (C:\Users\Chris\AppData\Local\Programs\MiKTeX\tex/latex/amscls\amsthm.sty
Package: amsthm 2020/05/29 v2.20.6
\thm@style=\toks21
\thm@bodyfont=\toks22
\thm@headfont=\toks23
\thm@notefont=\toks24
\thm@headpunct=\toks25
\thm@preskip=\skip50
\thm@postskip=\skip51
\thm@headsep=\skip52
\dth@everypar=\toks26
)
(C:\Users\Chris\AppData\Local\Programs\MiKTeX\tex/latex/amsmath\amsmath.sty
Package: amsmath 2021/04/20 v2.17j AMS math features
\@mathmargin=\skip53

For additional information on amsmath, use the `?' option.
(C:\Users\Chris\AppData\Local\Programs\MiKTeX\tex/latex/amsmath\amstext.sty
Package: amstext 2000/06/29 v2.01 AMS text

(C:\Users\Chris\AppData\Local\Programs\MiKTeX\tex/latex/amsmath\amsgen.sty
File: amsgen.sty 1999/11/30 v2.0 generic functions
\@emptytoks=\toks27
\ex@=\dimen145
))
(C:\Users\Chris\AppData\Local\Programs\MiKTeX\tex/latex/amsmath\amsbsy.sty
Package: amsbsy 1999/11/29 v1.2d Bold Symbols
\pmbraise@=\dimen146
)
(C:\Users\Chris\AppData\Local\Programs\MiKTeX\tex/latex/amsmath\amsopn.sty
Package: amsopn 2016/03/08 v2.02 operator names
)
\inf@bad=\count266
LaTeX Info: Redefining \frac on input line 234.
\uproot@=\count267
\leftroot@=\count268
LaTeX Info: Redefining \overline on input line 399.
\classnum@=\count269
\DOTSCASE@=\count270
LaTeX Info: Redefining \ldots on input line 496.
LaTeX Info: Redefining \dots on input line 499.
LaTeX Info: Redefining \cdots on input line 620.
\Mathstrutbox@=\box53
\strutbox@=\box54
\big@size=\dimen147
LaTeX Font Info:    Redeclaring font encoding OML on input line 743.
LaTeX Font Info:    Redeclaring font encoding OMS on input line 744.
\macc@depth=\count271
\c@MaxMatrixCols=\count272
\dotsspace@=\muskip16
\c@parentequation=\count273
\dspbrk@lvl=\count274
\tag@help=\toks28
\row@=\count275
\column@=\count276
\maxfields@=\count277
\andhelp@=\toks29
\eqnshift@=\dimen148
\alignsep@=\dimen149
\tagshift@=\dimen150
\tagwidth@=\dimen151
\totwidth@=\dimen152
\lineht@=\dimen153
\@envbody=\toks30
\multlinegap=\skip54
\multlinetaggap=\skip55
\mathdisplay@stack=\toks31
LaTeX Info: Redefining \[ on input line 2923.
LaTeX Info: Redefining \] on input line 2924.
)
(C:\Users\Chris\AppData\Local\Programs\MiKTeX\tex/latex/amsfonts\amsfonts.sty
Package: amsfonts 2013/01/14 v3.01 Basic AMSFonts support
\symAMSa=\mathgroup4
\symAMSb=\mathgroup5
LaTeX Font Info:    Redeclaring math symbol \hbar on input line 98.
LaTeX Font Info:    Overwriting math alphabet `\mathfrak' in version `bold'
(Font)                  U/euf/m/n --> U/euf/b/n on input line 106.
)
(C:\Users\Chris\AppData\Local\Programs\MiKTeX\tex/latex/amsfonts\amssymb.sty
Package: amssymb 2013/01/14 v3.01 AMS font symbols
)
(C:\Users\Chris\AppData\Local\Programs\MiKTeX\tex/latex/natbib\natbib.sty
Package: natbib 2010/09/13 8.31b (PWD, AO)
\bibhang=\skip56
\bibsep=\skip57
LaTeX Info: Redefining \cite on input line 694.
\c@NAT@ctr=\count278
)
(C:\Users\Chris\AppData\Local\Programs\MiKTeX\tex/latex/hyperref\hyperref.sty
Package: hyperref 2021-06-07 v7.00m Hypertext links for LaTeX

(C:\Users\Chris\AppData\Local\Programs\MiKTeX\tex/generic/ltxcmds\ltxcmds.sty
Package: ltxcmds 2020-05-10 v1.25 LaTeX kernel commands for general use (HO)
)
(C:\Users\Chris\AppData\Local\Programs\MiKTeX\tex/generic/pdftexcmds\pdftexcmds
.sty
Package: pdftexcmds 2020-06-27 v0.33 Utility functions of pdfTeX for LuaTeX (HO
)

(C:\Users\Chris\AppData\Local\Programs\MiKTeX\tex/generic/infwarerr\infwarerr.s
ty
Package: infwarerr 2019/12/03 v1.5 Providing info/warning/error messages (HO)
)
Package pdftexcmds Info: \pdf@primitive is available.
Package pdftexcmds Info: \pdf@ifprimitive is available.
Package pdftexcmds Info: \pdfdraftmode found.
)
(C:\Users\Chris\AppData\Local\Programs\MiKTeX\tex/generic/kvsetkeys\kvsetkeys.s
ty
Package: kvsetkeys 2019/12/15 v1.18 Key value parser (HO)
)
(C:\Users\Chris\AppData\Local\Programs\MiKTeX\tex/generic/kvdefinekeys\kvdefine
keys.sty
Package: kvdefinekeys 2019-12-19 v1.6 Define keys (HO)
)
(C:\Users\Chris\AppData\Local\Programs\MiKTeX\tex/generic/pdfescape\pdfescape.s
ty
Package: pdfescape 2019/12/09 v1.15 Implements pdfTeX's escape features (HO)
) (C:\Users\Chris\AppData\Local\Programs\MiKTeX\tex/latex/hycolor\hycolor.sty
Package: hycolor 2020-01-27 v1.10 Color options for hyperref/bookmark (HO)
)
(C:\Users\Chris\AppData\Local\Programs\MiKTeX\tex/latex/letltxmacro\letltxmacro
.sty
Package: letltxmacro 2019/12/03 v1.6 Let assignment for LaTeX macros (HO)
)
(C:\Users\Chris\AppData\Local\Programs\MiKTeX\tex/latex/auxhook\auxhook.sty
Package: auxhook 2019-12-17 v1.6 Hooks for auxiliary files (HO)
)
(C:\Users\Chris\AppData\Local\Programs\MiKTeX\tex/latex/kvoptions\kvoptions.sty
Package: kvoptions 2020-10-07 v3.14 Key value format for package options (HO)
)
\@linkdim=\dimen154
\Hy@linkcounter=\count279
\Hy@pagecounter=\count280
 (C:\Users\Chris\AppData\Local\Programs\MiKTeX\tex/latex/hyperref\pd1enc.def
File: pd1enc.def 2021-06-07 v7.00m Hyperref: PDFDocEncoding definition (HO)
Now handling font encoding PD1 ...
... no UTF-8 mapping file for font encoding PD1
)
(C:\Users\Chris\AppData\Local\Programs\MiKTeX\tex/latex/hyperref\hyperref-langp
atches.def
File: hyperref-langpatches.def 2021-06-07 v7.00m Hyperref: patches for babel la
nguages
)
(C:\Users\Chris\AppData\Local\Programs\MiKTeX\tex/generic/intcalc\intcalc.sty
Package: intcalc 2019/12/15 v1.3 Expandable calculations with integers (HO)
)
(C:\Users\Chris\AppData\Local\Programs\MiKTeX\tex/generic/etexcmds\etexcmds.sty
Package: etexcmds 2019/12/15 v1.7 Avoid name clashes with e-TeX commands (HO)
)
\Hy@SavedSpaceFactor=\count281
 (C:\Users\Chris\AppData\Local\Programs\MiKTeX\tex/latex/hyperref\puenc.def
File: puenc.def 2021-06-07 v7.00m Hyperref: PDF Unicode definition (HO)
Now handling font encoding PU ...
... no UTF-8 mapping file for font encoding PU
)
Package hyperref Info: Option `colorlinks' set `true' on input line 4073.
Package hyperref Info: Option `linktocpage' set `true' on input line 4073.
Package hyperref Info: Option `colorlinks' set `true' on input line 4073.
Package hyperref Info: Hyper figures OFF on input line 4192.
Package hyperref Info: Link nesting OFF on input line 4197.
Package hyperref Info: Hyper index ON on input line 4200.
Package hyperref Info: Plain pages OFF on input line 4207.
Package hyperref Info: Backreferencing OFF on input line 4212.
Package hyperref Info: Implicit mode ON; LaTeX internals redefined.
Package hyperref Info: Bookmarks ON on input line 4445.
\c@Hy@tempcnt=\count282

(C:\Users\Chris\AppData\Local\Programs\MiKTeX\tex/latex/url\url.sty
\Urlmuskip=\muskip17
Package: url 2013/09/16  ver 3.4  Verb mode for urls, etc.
)
LaTeX Info: Redefining \url on input line 4804.
\XeTeXLinkMargin=\dimen155

(C:\Users\Chris\AppData\Local\Programs\MiKTeX\tex/generic/bitset\bitset.sty
Package: bitset 2019/12/09 v1.3 Handle bit-vector datatype (HO)

(C:\Users\Chris\AppData\Local\Programs\MiKTeX\tex/generic/bigintcalc\bigintcalc
.sty
Package: bigintcalc 2019/12/15 v1.5 Expandable calculations on big integers (HO
)
))
\Fld@menulength=\count283
\Field@Width=\dimen156
\Fld@charsize=\dimen157
Package hyperref Info: Hyper figures OFF on input line 6076.
Package hyperref Info: Link nesting OFF on input line 6081.
Package hyperref Info: Hyper index ON on input line 6084.
Package hyperref Info: backreferencing OFF on input line 6091.
Package hyperref Info: Link coloring ON on input line 6094.
Package hyperref Info: Link coloring with OCG OFF on input line 6101.
Package hyperref Info: PDF/A mode OFF on input line 6106.
LaTeX Info: Redefining \ref on input line 6146.
LaTeX Info: Redefining \pageref on input line 6150.

(C:\Users\Chris\AppData\Local\Programs\MiKTeX\tex/latex/base\atbegshi-ltx.sty
Package: atbegshi-ltx 2021/01/10 v1.0c Emulation of the original atbegshi
package with kernel methods
)
\Hy@abspage=\count284
\c@Item=\count285
\c@Hfootnote=\count286
)
Package hyperref Info: Driver (autodetected): hpdftex.
(C:\Users\Chris\AppData\Local\Programs\MiKTeX\tex/latex/hyperref\hpdftex.def
File: hpdftex.def 2021-06-07 v7.00m Hyperref driver for pdfTeX

(C:\Users\Chris\AppData\Local\Programs\MiKTeX\tex/latex/base\atveryend-ltx.sty
Package: atveryend-ltx 2020/08/19 v1.0a Emulation of the original atvery packag
e
with kernel methods
)
\Fld@listcount=\count287
\c@bookmark@seq@number=\count288

(C:\Users\Chris\AppData\Local\Programs\MiKTeX\tex/latex/rerunfilecheck\rerunfil
echeck.sty
Package: rerunfilecheck 2019/12/05 v1.9 Rerun checks for auxiliary files (HO)

(C:\Users\Chris\AppData\Local\Programs\MiKTeX\tex/generic/uniquecounter\uniquec
ounter.sty
Package: uniquecounter 2019/12/15 v1.4 Provide unlimited unique counter (HO)
)
Package uniquecounter Info: New unique counter `rerunfilecheck' on input line 2
86.
)
\Hy@SectionHShift=\skip58
)
(C:\Users\Chris\AppData\Local\Programs\MiKTeX\tex/latex/graphics\graphicx.sty
Package: graphicx 2020/12/05 v1.2c Enhanced LaTeX Graphics (DPC,SPQR)

(C:\Users\Chris\AppData\Local\Programs\MiKTeX\tex/latex/graphics\graphics.sty
Package: graphics 2021/03/04 v1.4d Standard LaTeX Graphics (DPC,SPQR)

(C:\Users\Chris\AppData\Local\Programs\MiKTeX\tex/latex/graphics\trig.sty
Package: trig 2016/01/03 v1.10 sin cos tan (DPC)
)
(C:\Users\Chris\AppData\Local\Programs\MiKTeX\tex/latex/graphics-cfg\graphics.c
fg
File: graphics.cfg 2016/06/04 v1.11 sample graphics configuration
)
Package graphics Info: Driver file: pdftex.def on input line 107.

(C:\Users\Chris\AppData\Local\Programs\MiKTeX\tex/latex/graphics-def\pdftex.def
File: pdftex.def 2020/10/05 v1.2a Graphics/color driver for pdftex
))
\Gin@req@height=\dimen158
\Gin@req@width=\dimen159
) (C:\Users\Chris\AppData\Local\Programs\MiKTeX\tex/latex/tools\bm.sty
Package: bm 2021/04/25 v1.2e Bold Symbol Support (DPC/FMi)
\symboldoperators=\mathgroup6
\symboldletters=\mathgroup7
\symboldsymbols=\mathgroup8
Package bm Info: No bold for \OMX/cmex/m/n, using \pmb.
Package bm Info: No bold for \U/msa/m/n, using \pmb.
Package bm Info: No bold for \U/msb/m/n, using \pmb.
LaTeX Font Info:    Redeclaring math alphabet \mathbf on input line 149.
)
(C:\Users\Chris\AppData\Local\Programs\MiKTeX\tex/latex/float\float.sty
Package: float 2001/11/08 v1.3d Float enhancements (AL)
\c@float@type=\count289
\float@exts=\toks32
\float@box=\box55
\@float@everytoks=\toks33
\@floatcapt=\box56
)
(C:\Users\Chris\AppData\Local\Programs\MiKTeX\tex/latex/multirow\multirow.sty
Package: multirow 2021/03/15 v2.8 Span multiple rows of a table
\multirow@colwidth=\skip59
\multirow@cntb=\count290
\multirow@dima=\skip60
\bigstrutjot=\dimen160
)
(C:\Users\Chris\AppData\Local\Programs\MiKTeX\tex/latex/caption\caption.sty
Package: caption 2020/10/26 v3.5g Customizing captions (AR)

(C:\Users\Chris\AppData\Local\Programs\MiKTeX\tex/latex/caption\caption3.sty
Package: caption3 2020/10/21 v2.2e caption3 kernel (AR)
\captionmargin=\dimen161
\captionmargin@=\dimen162
\captionwidth=\dimen163
\caption@tempdima=\dimen164
\caption@indent=\dimen165
\caption@parindent=\dimen166
\caption@hangindent=\dimen167
Package caption Info: Unknown document class (or package),
(caption)             standard defaults will be used.
Package caption Info: \@makecaption = \long macro:#1#2->\vskip \abovecaptionski
p \figurecaption@size \sbox \@tempboxa {{\figurename@size #1}\figurename@skip #
2}\ifdim \wd \@tempboxa >\hsize {\figurename@size #1}\figurename@skip #2\par \e
lse \global \@minipagefalse \hb@xt@ \hsize {\hfil \box \@tempboxa \hfil }\fi \v
skip \belowcaptionskip  on input line 1139.
)

Package caption Warning: Unknown document class (or package),
(caption)                standard defaults will be used.
See the caption package documentation for explanation.

\c@caption@flags=\count291
\c@continuedfloat=\count292
Package caption Info: float package is loaded.
Package caption Info: hyperref package is loaded.
) (C:\Users\Chris\AppData\Local\Programs\MiKTeX\tex/latex/graphics\color.sty
Package: color 2020/02/24 v1.2b Standard LaTeX Color (DPC)

(C:\Users\Chris\AppData\Local\Programs\MiKTeX\tex/latex/graphics-cfg\color.cfg
File: color.cfg 2016/01/02 v1.6 sample color configuration
)
Package color Info: Driver file: pdftex.def on input line 149.
)
(C:\Users\Chris\AppData\Local\Programs\MiKTeX\tex/latex/doublestroke\dsfont.sty
Package: dsfont 1995/08/01 v0.1 Double stroke roman fonts
)
LaTeX Font Info:    Trying to load font information for T1+ptm on input line 11
8.
 (C:\Users\Chris\AppData\Local\Programs\MiKTeX\tex/latex/psnfss\t1ptm.fd
File: t1ptm.fd 2001/06/04 font definitions for T1/ptm.
)
(C:\Users\Chris\AppData\Local\Programs\MiKTeX\tex/latex/l3backend\l3backend-pdf
tex.def
File: l3backend-pdftex.def 2021-08-04 L3 backend support: PDF output (pdfTeX)
\l__color_backend_stack_int=\count293
\l__pdf_internal_box=\box57
) (genetic-model.aux)
\openout1 = `genetic-model.aux'.

LaTeX Font Info:    Checking defaults for OML/cmm/m/it on input line 118.
LaTeX Font Info:    ... okay on input line 118.
LaTeX Font Info:    Checking defaults for OMS/cmsy/m/n on input line 118.
LaTeX Font Info:    ... okay on input line 118.
LaTeX Font Info:    Checking defaults for OT1/cmr/m/n on input line 118.
LaTeX Font Info:    ... okay on input line 118.
LaTeX Font Info:    Checking defaults for T1/cmr/m/n on input line 118.
LaTeX Font Info:    ... okay on input line 118.
LaTeX Font Info:    Checking defaults for TS1/cmr/m/n on input line 118.
LaTeX Font Info:    ... okay on input line 118.
LaTeX Font Info:    Checking defaults for OMX/cmex/m/n on input line 118.
LaTeX Font Info:    ... okay on input line 118.
LaTeX Font Info:    Checking defaults for U/cmr/m/n on input line 118.
LaTeX Font Info:    ... okay on input line 118.
LaTeX Font Info:    Checking defaults for PD1/pdf/m/n on input line 118.
LaTeX Font Info:    ... okay on input line 118.
LaTeX Font Info:    Checking defaults for PU/pdf/m/n on input line 118.
LaTeX Font Info:    ... okay on input line 118.
Package hyperref Info: Link coloring ON on input line 118.

(C:\Users\Chris\AppData\Local\Programs\MiKTeX\tex/latex/hyperref\nameref.sty
Package: nameref 2021-04-02 v2.47 Cross-referencing by name of section

(C:\Users\Chris\AppData\Local\Programs\MiKTeX\tex/latex/refcount\refcount.sty
Package: refcount 2019/12/15 v3.6 Data extraction from label references (HO)
)
(C:\Users\Chris\AppData\Local\Programs\MiKTeX\tex/generic/gettitlestring\gettit
lestring.sty
Package: gettitlestring 2019/12/15 v1.6 Cleanup title references (HO)
)
\c@section@level=\count294
)
LaTeX Info: Redefining \ref on input line 118.
LaTeX Info: Redefining \pageref on input line 118.
LaTeX Info: Redefining \nameref on input line 118.
 (genetic-model.out) (genetic-model.out)
\@outlinefile=\write3
\openout3 = `genetic-model.out'.


(C:\Users\Chris\AppData\Local\Programs\MiKTeX\tex/context/base/mkii\supp-pdf.mk
ii
[Loading MPS to PDF converter (version 2006.09.02).]
\scratchcounter=\count295
\scratchdimen=\dimen168
\scratchbox=\box58
\nofMPsegments=\count296
\nofMParguments=\count297
\everyMPshowfont=\toks34
\MPscratchCnt=\count298
\MPscratchDim=\dimen169
\MPnumerator=\count299
\makeMPintoPDFobject=\count300
\everyMPtoPDFconversion=\toks35
)
(C:\Users\Chris\AppData\Local\Programs\MiKTeX\tex/latex/epstopdf-pkg\epstopdf-b
ase.sty
Package: epstopdf-base 2020-01-24 v2.11 Base part for package epstopdf
Package epstopdf-base Info: Redefining graphics rule for `.eps' on input line 4
85.

(C:\Users\Chris\AppData\Local\Programs\MiKTeX\tex/latex/00miktex\epstopdf-sys.c
fg
File: epstopdf-sys.cfg 2021/03/18 v2.0 Configuration of epstopdf for MiKTeX
))
Package caption Info: Begin \AtBeginDocument code.
Package caption Info: End \AtBeginDocument code.
LaTeX Font Info:    Trying to load font information for T1+phv on input line 12
6.
 (C:\Users\Chris\AppData\Local\Programs\MiKTeX\tex/latex/psnfss\t1phv.fd
File: t1phv.fd 2020/03/25 scalable font definitions for T1/phv.
)
LaTeX Font Info:    Font shape `T1/phv/m/n' will be
(Font)              scaled to size 9.89993pt on input line 126.
LaTeX Font Info:    Font shape `T1/phv/m/n' will be
(Font)              scaled to size 23.39984pt on input line 126.
LaTeX Font Info:    Font shape `T1/phv/b/n' will be
(Font)              scaled to size 23.39984pt on input line 126.
LaTeX Font Info:    Calculating math sizes for size <11> on input line 126.


LaTeX Font Warning: Font shape `OT1/cmr/m/n' in size <5.5> not available
(Font)              size <5> substituted on input line 126.


LaTeX Font Warning: Font shape `OML/cmm/m/it' in size <5.5> not available
(Font)              size <5> substituted on input line 126.


LaTeX Font Warning: Font shape `OMS/cmsy/m/n' in size <5.5> not available
(Font)              size <5> substituted on input line 126.

LaTeX Font Info:    Trying to load font information for U+msa on input line 126
.
(C:\Users\Chris\AppData\Local\Programs\MiKTeX\tex/latex/amsfonts\umsa.fd
File: umsa.fd 2013/01/14 v3.01 AMS symbols A
)
LaTeX Font Info:    Trying to load font information for U+msb on input line 126
.

(C:\Users\Chris\AppData\Local\Programs\MiKTeX\tex/latex/amsfonts\umsb.fd
File: umsb.fd 2013/01/14 v3.01 AMS symbols B
)

LaTeX Font Warning: Font shape `OT1/cmr/bx/n' in size <5.5> not available
(Font)              size <5> substituted on input line 126.


LaTeX Font Warning: Font shape `OML/cmm/b/it' in size <5.5> not available
(Font)              size <5> substituted on input line 126.


LaTeX Font Warning: Font shape `OMS/cmsy/b/n' in size <5.5> not available
(Font)              size <5> substituted on input line 126.

LaTeX Font Info:    Font shape `T1/phv/m/n' will be
(Font)              scaled to size 11.69992pt on input line 136.
LaTeX Font Info:    Font shape `T1/phv/b/n' will be
(Font)              scaled to size 11.69992pt on input line 136.
<../img/modelDiagram.pdf, id=53, 433.62pt x 72.27pt>
File: ../img/modelDiagram.pdf Graphic file (type pdf)
<use ../img/modelDiagram.pdf>
Package pdftex.def Info: ../img/modelDiagram.pdf  used on input line 164.
(pdftex.def)             Requested size: 433.61894pt x 72.2698pt.

LaTeX Warning: `!h' float specifier changed to `!ht'.

LaTeX Font Info:    Font shape `T1/phv/b/n' will be
(Font)              scaled to size 9.89993pt on input line 170.

Underfull \hbox (badness 1014) in paragraph at lines 172--173
[]\T1/ptm/m/n/11 Genetic re-search to-day rou-tinely con-sid-ers the en-
 []

[1{C:/Users/Chris/AppData/Local/MiKTeX/pdftex/config/pdftex.map}


] [2 <../img/modelDiagram.pdf>]
Overfull \hbox (4.65077pt too wide) in paragraph at lines 236--237
[]\T1/ptm/m/n/11 Sexual re-pro-duc-tion is the re-com-bi-na-tion of the genomes

 []

[3]

LaTeX Font Warning: Font shape `OT1/cmss/m/n' in size <5.5> not available
(Font)              size <5> substituted on input line 257.


Underfull \hbox (badness 1019) in paragraph at lines 273--274
[]\T1/ptm/m/n/11 Fortunately, if the re-com-bi-na-tion of two par-tic-u-lar
 []


Package amsmath Warning: Foreign command \atopwithdelims;
(amsmath)                \frac or \genfrac should be used instead
(amsmath)                 on input line 274.

[4]
Overfull \hbox (7.03436pt too wide) in paragraph at lines 329--331
\T1/ptm/m/n/11 vari-ables $\OML/cmm/m/it/10.95 X[]$\T1/ptm/m/n/11 , $\OML/cmm/m
/it/10.95 r \OMS/cmsy/m/n/10.95 2 f\OML/cmm/m/it/10.95 j; k\OMS/cmsy/m/n/10.95 
g\OML/cmm/m/it/10.95 ; s \OMS/cmsy/m/n/10.95 2 f\OT1/cmr/m/n/10.95 1\OML/cmm/m/
it/10.95 ; \OT1/cmr/m/n/10.95 2\OMS/cmsy/m/n/10.95 g$\T1/ptm/m/n/11 . Con-sider
 $\OML/cmm/m/it/10.95 Cor\OT1/cmr/m/n/10.95 (\OML/cmm/m/it/10.95 Z[]; Z[]\OT1/c
mr/m/n/10.95 )$
 []

[5] [6pdfTeX warning (ext4): destination with the same identifier (name{equatio
n.4.8}) has been already used, duplicate ignored
<argument> ...shipout:D \box_use:N \l_shipout_box 
                                                  \__shipout_drop_firstpage_...
l.436 \end{eqnarray}
                    pdfTeX warning (ext4): destination with the same identifier
 (name{equation.4.8}) has been already used, duplicate ignored
<argument> ...shipout:D \box_use:N \l_shipout_box 
                                                  \__shipout_drop_firstpage_...
l.436 \end{eqnarray}
                    pdfTeX warning (ext4): destination with the same identifier
 (name{equation.4.11}) has been already used, duplicate ignored
<argument> ...shipout:D \box_use:N \l_shipout_box 
                                                  \__shipout_drop_firstpage_...
l.436 \end{eqnarray}
                    ]

LaTeX Font Warning: Font shape `T1/ptm/m/scit' undefined
(Font)              using `T1/ptm/m/sc' instead on input line 459.

[7]
Underfull \hbox (badness 1242) in paragraph at lines 544--545
[]\T1/ptm/m/n/11 Nonetheless, [[]] sim-u-late 10 in-de-pen-dent re-gions
 []

<../img/chevSimTheory.png, id=225, 481.8pt x 481.8pt>
File: ../img/chevSimTheory.png Graphic file (type png)
<use ../img/chevSimTheory.png>
Package pdftex.def Info: ../img/chevSimTheory.png  used on input line 551.
(pdftex.def)             Requested size: 105.99632pt x 105.99632pt.
<../img/chevSim.png, id=226, 481.8pt x 481.8pt>
File: ../img/chevSim.png Graphic file (type png)
<use ../img/chevSim.png>
Package pdftex.def Info: ../img/chevSim.png  used on input line 552.
(pdftex.def)             Requested size: 105.99632pt x 105.99632pt.
<../img/LBSimTheory.png, id=232, 481.8pt x 481.8pt>
File: ../img/LBSimTheory.png Graphic file (type png)
<use ../img/LBSimTheory.png>
Package pdftex.def Info: ../img/LBSimTheory.png  used on input line 566.
(pdftex.def)             Requested size: 168.63252pt x 168.63252pt.
<../img/LBSim.png, id=233, 481.8pt x 481.8pt>
File: ../img/LBSim.png Graphic file (type png)
<use ../img/LBSim.png>
Package pdftex.def Info: ../img/LBSim.png  used on input line 569.
(pdftex.def)             Requested size: 168.63252pt x 168.63252pt.

LaTeX Warning: `!h' float specifier changed to `!ht'.

[8 <../img/chevSimTheory.png> <../img/chevSim.png>]
Underfull \hbox (badness 1137) in paragraph at lines 579--580
\T1/ptm/m/n/11 chro-mo-somes show con-sis-tent pat-terns be-tween their
 []


Underfull \hbox (badness 892) in paragraph at lines 585--586
\T1/ptm/m/n/11 The database also pro-vides the ref-er-ences needed to
 []


Underfull \hbox (badness 896) in paragraph at lines 585--586
\T1/ptm/m/n/11 pro-vided at the Mouse Genome In-for-mat-ics web-site:
 []

<../img/jaxbsb.png, id=272, 542.025pt x 542.025pt>
File: ../img/jaxbsb.png Graphic file (type png)
<use ../img/jaxbsb.png>
Package pdftex.def Info: ../img/jaxbsb.png  used on input line 594.
(pdftex.def)             Requested size: 162.60875pt x 162.60875pt.
<../img/jaxbsb_sim.png, id=273, 542.025pt x 542.025pt>
File: ../img/jaxbsb_sim.png Graphic file (type png)
<use ../img/jaxbsb_sim.png>
Package pdftex.def Info: ../img/jaxbsb_sim.png  used on input line 597.
(pdftex.def)             Requested size: 162.60875pt x 162.60875pt.
<../img/jaxbsb_quant.png, id=274, 542.025pt x 542.025pt>
File: ../img/jaxbsb_quant.png Graphic file (type png)
<use ../img/jaxbsb_quant.png>
Package pdftex.def Info: ../img/jaxbsb_quant.png  used on input line 600.
(pdftex.def)             Requested size: 162.60875pt x 162.60875pt.

LaTeX Warning: `!h' float specifier changed to `!ht'.

<../img/uclabsb.png, id=279, 542.025pt x 542.025pt>
File: ../img/uclabsb.png Graphic file (type png)
<use ../img/uclabsb.png>
Package pdftex.def Info: ../img/uclabsb.png  used on input line 611.
(pdftex.def)             Requested size: 162.60875pt x 162.60875pt.
<../img/uclabsb_sim.png, id=280, 542.025pt x 542.025pt>
File: ../img/uclabsb_sim.png Graphic file (type png)
<use ../img/uclabsb_sim.png>
Package pdftex.def Info: ../img/uclabsb_sim.png  used on input line 614.
(pdftex.def)             Requested size: 162.60875pt x 162.60875pt.
<../img/uclabsb_quant.png, id=281, 542.025pt x 542.025pt>
File: ../img/uclabsb_quant.png Graphic file (type png)
<use ../img/uclabsb_quant.png>
Package pdftex.def Info: ../img/uclabsb_quant.png  used on input line 617.
(pdftex.def)             Requested size: 162.60875pt x 162.60875pt.

LaTeX Warning: `!h' float specifier changed to `!ht'.

[9 <../img/LBSimTheory.png (PNG copy)> <../img/LBSim.png (PNG copy)>] [10 <../i
mg/jaxbsb.png (PNG copy)> <../img/jaxbsb_sim.png (PNG copy)> <../img/jaxbsb_qua
nt.png (PNG copy)> <../img/uclabsb.png (PNG copy)> <../img/uclabsb_sim.png (PNG
 copy)> <../img/uclabsb_quant.png (PNG copy)>]
<../img/jaxbsb_common.png, id=320, 542.025pt x 542.025pt>
File: ../img/jaxbsb_common.png Graphic file (type png)
<use ../img/jaxbsb_common.png>
Package pdftex.def Info: ../img/jaxbsb_common.png  used on input line 637.
(pdftex.def)             Requested size: 108.40308pt x 108.40308pt.
<../img/uclabsb_common.png, id=321, 542.025pt x 542.025pt>
File: ../img/uclabsb_common.png Graphic file (type png)
<use ../img/uclabsb_common.png>
Package pdftex.def Info: ../img/uclabsb_common.png  used on input line 638.
(pdftex.def)             Requested size: 108.40308pt x 108.40308pt.
<../img/bsbCorr2by2.png, id=327, 180.675pt x 180.675pt>
File: ../img/bsbCorr2by2.png Graphic file (type png)
<use ../img/bsbCorr2by2.png>
Package pdftex.def Info: ../img/bsbCorr2by2.png  used on input line 654.
(pdftex.def)             Requested size: 72.2687pt x 72.2687pt.
<../img/bsbCorrTest2by2.png, id=328, 180.675pt x 180.675pt>
File: ../img/bsbCorrTest2by2.png Graphic file (type png)
<use ../img/bsbCorrTest2by2.png>
Package pdftex.def Info: ../img/bsbCorrTest2by2.png  used on input line 654.
(pdftex.def)             Requested size: 72.2687pt x 72.2687pt.
<../img/bsbCorrTest2by2a.png, id=329, 180.675pt x 180.675pt>
File: ../img/bsbCorrTest2by2a.png Graphic file (type png)
<use ../img/bsbCorrTest2by2a.png>
Package pdftex.def Info: ../img/bsbCorrTest2by2a.png  used on input line 654.
(pdftex.def)             Requested size: 72.2687pt x 72.2687pt.

Overfull \hbox (0.80617pt too wide) in paragraph at lines 653--657
 [] 
 []

<../img/bsbCorrDist.png, id=335, 578.16pt x 578.16pt>
File: ../img/bsbCorrDist.png Graphic file (type png)
<use ../img/bsbCorrDist.png>
Package pdftex.def Info: ../img/bsbCorrDist.png  used on input line 667.
(pdftex.def)             Requested size: 289.07928pt x 289.07928pt.
[11 <../img/jaxbsb_common.png (PNG copy)> <../img/uclabsb_common.png (PNG copy)
> <../img/bsbCorr2by2.png (PNG copy)> <../img/bsbCorrTest2by2.png (PNG copy)> <
../img/bsbCorrTest2by2a.png (PNG copy)>]
<../img/bsbCorrTest.png, id=358, 578.16pt x 578.16pt>
File: ../img/bsbCorrTest.png Graphic file (type png)
<use ../img/bsbCorrTest.png>
Package pdftex.def Info: ../img/bsbCorrTest.png  used on input line 683.
(pdftex.def)             Requested size: 289.07928pt x 289.07928pt.
 [12 <../img/bsbCorrDist.png (PNG copy)>]
<../img/bsbCorrTestBig.png, id=369, 578.16pt x 578.16pt>
File: ../img/bsbCorrTestBig.png Graphic file (type png)
<use ../img/bsbCorrTestBig.png>
Package pdftex.def Info: ../img/bsbCorrTestBig.png  used on input line 697.
(pdftex.def)             Requested size: 289.07928pt x 289.07928pt.
 [13 <../img/bsbCorrTest.png (PNG copy)>]
<../img/strngDen.png, id=383, 361.35pt x 361.35pt>
File: ../img/strngDen.png Graphic file (type png)
<use ../img/strngDen.png>
Package pdftex.def Info: ../img/strngDen.png  used on input line 715.
(pdftex.def)             Requested size: 180.67456pt x 180.67456pt.
<../img/strngBarNoCol.png, id=384, 361.35pt x 361.35pt>
File: ../img/strngBarNoCol.png Graphic file (type png)
<use ../img/strngBarNoCol.png>
Package pdftex.def Info: ../img/strngBarNoCol.png  used on input line 718.
(pdftex.def)             Requested size: 180.67456pt x 180.67456pt.

Underfull \hbox (badness 1253) in paragraph at lines 722--722
\T1/ptm/m/n/11 ers Nppa and D4Mit14 over 10,000 sim-u-lated BSB
 []

[14 <../img/bsbCorrTestBig.png (PNG copy)>]
LaTeX Font Info:    Trying to load font information for TS1+ptm on input line 7
58.

(C:\Users\Chris\AppData\Local\Programs\MiKTeX\tex/latex/psnfss\ts1ptm.fd
File: ts1ptm.fd 2001/06/04 font definitions for TS1/ptm.
)
Overfull \hbox (28.8361pt too wide) detected at line 782
[]\OML/cmm/m/it/10.95 Corr\OT1/cmr/m/n/10.95 (\OML/cmm/m/it/10.95 Z[]; Z[]\OT1/
cmr/m/n/10.95 ) = []\OML/cmm/m/it/10.95 :[] 
 []

<../img/strngBar.png, id=399, 361.35pt x 361.35pt>
File: ../img/strngBar.png Graphic file (type png)
<use ../img/strngBar.png>
Package pdftex.def Info: ../img/strngBar.png  used on input line 789.
(pdftex.def)             Requested size: 180.67456pt x 180.67456pt.
<../img/strngBarClose.png, id=400, 361.35pt x 361.35pt>
File: ../img/strngBarClose.png Graphic file (type png)
<use ../img/strngBarClose.png>
Package pdftex.def Info: ../img/strngBarClose.png  used on input line 792.
(pdftex.def)             Requested size: 180.67456pt x 180.67456pt.

Underfull \hbox (badness 1253) in paragraph at lines 796--796
\T1/ptm/m/n/11 ers Nppa and D4Mit14 over 10,000 sim-u-lated BSB
 []

[15 <../img/strngDen.png> <../img/strngBarNoCol.png>] (genetic-model.bbl
[16 <../img/strngBar.png (PNG copy)> <../img/strngBarClose.png (PNG copy)>]
Underfull \hbox (badness 4454) in paragraph at lines 253--270
[]\T1/ptm/m/sc/9 Rowe, L.\T1/ptm/m/n/9 , \T1/ptm/m/sc/9 Nadeau, J.\T1/ptm/m/n/9
 , \T1/ptm/m/sc/9 Turner, R.\T1/ptm/m/n/9 , \T1/ptm/m/sc/9 Frankel, W.\T1/ptm/m
/n/9 ,
 []


Underfull \hbox (badness 1681) in paragraph at lines 314--330
[]\T1/ptm/m/sc/9 Uffelmann, E.\T1/ptm/m/n/9 , \T1/ptm/m/sc/9 Huang, Q. Q.\T1/pt
m/m/n/9 , \T1/ptm/m/sc/9 Mu-nung, N. S.\T1/ptm/m/n/9 , \T1/ptm/m/sc/9 de
 []


Underfull \hbox (badness 954) in paragraph at lines 345--361
[]\T1/ptm/m/sc/9 Welch, C. L.\T1/ptm/m/n/9 , \T1/ptm/m/sc/9 Xia, Y.-R.\T1/ptm/m
/n/9 , \T1/ptm/m/sc/9 Shechter, I.\T1/ptm/m/n/9 , \T1/ptm/m/sc/9 Farese, R.\T1/
ptm/m/n/9 ,
 []

) [17] (genetic-model.aux)

LaTeX Font Warning: Size substitutions with differences
(Font)              up to 0.5pt have occurred.

Package rerunfilecheck Info: File `genetic-model.out' has not changed.
(rerunfilecheck)             Checksum: CD308E0CB30794BDC657BA179274B070;1898.
 ) 
Here is how much of TeX's memory you used:
 12905 strings out of 478927
 194362 string characters out of 2852535
 519053 words of memory out of 3000000
 30414 multiletter control sequences out of 15000+600000
 472797 words of font info for 115 fonts, out of 8000000 for 9000
 1141 hyphenation exceptions out of 8191
 72i,14n,80p,1422b,467s stack positions out of 5000i,500n,10000p,200000b,80000s
{C:/Users/Chris/AppData/Local/Programs/MiKTeX/fonts/enc/dvips/base/8r.enc}<C:
/Users/Chris/AppData/Local/Programs/MiKTeX/fonts/type1/public/amsfonts/cm/cmbx1
0.pfb><C:/Users/Chris/AppData/Local/Programs/MiKTeX/fonts/type1/public/amsfonts
/cm/cmbx8.pfb><C:/Users/Chris/AppData/Local/Programs/MiKTeX/fonts/type1/public/
amsfonts/cm/cmex10.pfb><C:/Users/Chris/AppData/Local/Programs/MiKTeX/fonts/type
1/public/amsfonts/cm/cmmi10.pfb><C:/Users/Chris/AppData/Local/Programs/MiKTeX/f
onts/type1/public/amsfonts/cm/cmmi5.pfb><C:/Users/Chris/AppData/Local/Programs/
MiKTeX/fonts/type1/public/amsfonts/cm/cmmi8.pfb><C:/Users/Chris/AppData/Local/P
rograms/MiKTeX/fonts/type1/public/amsfonts/cm/cmmi9.pfb><C:/Users/Chris/AppData
/Local/Programs/MiKTeX/fonts/type1/public/amsfonts/cm/cmmib10.pfb><C:/Users/Chr
is/AppData/Local/Programs/MiKTeX/fonts/type1/public/amsfonts/cm/cmr10.pfb><C:/U
sers/Chris/AppData/Local/Programs/MiKTeX/fonts/type1/public/amsfonts/cm/cmr5.pf
b><C:/Users/Chris/AppData/Local/Programs/MiKTeX/fonts/type1/public/amsfonts/cm/
cmr8.pfb><C:/Users/Chris/AppData/Local/Programs/MiKTeX/fonts/type1/public/amsfo
nts/cm/cmr9.pfb><C:/Users/Chris/AppData/Local/Programs/MiKTeX/fonts/type1/publi
c/amsfonts/cm/cmss8.pfb><C:/Users/Chris/AppData/Local/Programs/MiKTeX/fonts/typ
e1/public/amsfonts/cm/cmsy10.pfb><C:/Users/Chris/AppData/Local/Programs/MiKTeX/
fonts/type1/public/amsfonts/cm/cmsy5.pfb><C:/Users/Chris/AppData/Local/Programs
/MiKTeX/fonts/type1/public/amsfonts/cm/cmsy8.pfb><C:/Users/Chris/AppData/Local/
Programs/MiKTeX/fonts/type1/public/amsfonts/cm/cmsy9.pfb><C:/Users/Chris/AppDat
a/Local/Programs/MiKTeX/fonts/type1/public/amsfonts/symbols/msbm10.pfb><C:/User
s/Chris/AppData/Local/Programs/MiKTeX/fonts/type1/urw/helvetic/uhvb8a.pfb><C:/U
sers/Chris/AppData/Local/Programs/MiKTeX/fonts/type1/urw/times/utmb8a.pfb><C:/U
sers/Chris/AppData/Local/Programs/MiKTeX/fonts/type1/urw/times/utmr8a.pfb><C:/U
sers/Chris/AppData/Local/Programs/MiKTeX/fonts/type1/urw/times/utmri8a.pfb>
Output written on genetic-model.pdf (17 pages, 1507853 bytes).
PDF statistics:
 545 PDF objects out of 1000 (max. 8388607)
 96 named destinations out of 1000 (max. 500000)
 212 words of extra memory for PDF output out of 10000 (max. 10000000)

